[33mwarn[39m:    --minUptime not set. Defaulting to: 1000ms
[33mwarn[39m:    --spinSleepTime not set. Your script will exit if it does not stay up for at least 1000ms

-=[ ☢ THiNX-Connect v8 rev. 8 ☢  ]=-

» HTTPS Proxy from port 7442 to port 7443
[33mwarn[39m:    --minUptime not set. Defaulting to: 1000ms
[33mwarn[39m:    --spinSleepTime not set. Your script will exit if it does not stay up for at least 1000ms

-=[ ☢ THiNX-Connect v8 rev. 8 ☢  ]=-

» HTTPS Proxy from port 7442 to port 7443
Caught exception: Error: listen EADDRINUSE :::7442
error: Forever detected script exited with code: 0
error: Forever detected script was killed by signal: SIGKILL
[33mwarn[39m:    --minUptime not set. Defaulting to: 1000ms
[33mwarn[39m:    --spinSleepTime not set. Your script will exit if it does not stay up for at least 1000ms

-=[ ☢ THiNX-Connect v8 rev. 8 ☢  ]=-

» HTTPS Proxy from port 7442 to port 7443
[33mwarn[39m:    --minUptime not set. Defaulting to: 1000ms
[33mwarn[39m:    --spinSleepTime not set. Your script will exit if it does not stay up for at least 1000ms

-=[ ☢ THiNX-Connect v9 rev. 9 ☢  ]=-

From github.com:suculent/thinx-connect
 * branch            master     -> FETCH_HEAD
Already up-to-date.
Finally running the thinx-https-proxy until end of the days...
No matching processes belonging to you were found
[31merror[39m:   Forever cannot find process with id: app.js
Check out the log (you can log out / Ctrl-C anytime while keeping the proxy up)

==> err.log <==

==> out.log <==

-=[ ☢ THiNX-Connect v9 rev. 9 ☢  ]=-

[33mwarn[39m:    --minUptime not set. Defaulting to: 1000ms
[33mwarn[39m:    --spinSleepTime not set. Your script will exit if it does not stay up for at least 1000ms


-=[ ☢ THiNX-Connect v9 rev. 9 ☢  ]=-

-=[ ☢ THiNX-Connect v9 rev. 9 ☢  ]=-

